<?xml version="1.0" encoding="UTF-8"?>
<testng-results skipped="0" failed="0" ignored="0" total="1" passed="1">
  <reporter-output>
  </reporter-output>
  <suite name="Suite" duration-ms="14108" started-at="2017-07-28T05:20:51Z" finished-at="2017-07-28T05:21:05Z">
    <groups>
    </groups>
    <test name="Test" duration-ms="14108" started-at="2017-07-28T05:20:51Z" finished-at="2017-07-28T05:21:05Z">
      <class name="com.test.CountersTest">
        <test-method status="PASS" signature="setUp()[pri:0, instance:com.test.CountersTest@3cbbc1e0]" name="setUp" is-config="true" duration-ms="5091" started-at="2017-07-27T22:20:51Z" finished-at="2017-07-27T22:20:56Z">
          <reporter-output>
          </reporter-output>
        </test-method> <!-- setUp -->
        <test-method status="PASS" signature="testCounters()[pri:0, instance:com.test.CountersTest@3cbbc1e0]" name="testCounters" duration-ms="7773" started-at="2017-07-27T22:20:56Z" finished-at="2017-07-27T22:21:04Z">
          <reporter-output>
          </reporter-output>
        </test-method> <!-- testCounters -->
        <test-method status="PASS" signature="tearDown()[pri:0, instance:com.test.CountersTest@3cbbc1e0]" name="tearDown" is-config="true" duration-ms="1223" started-at="2017-07-27T22:21:04Z" finished-at="2017-07-27T22:21:05Z">
          <reporter-output>
          </reporter-output>
        </test-method> <!-- tearDown -->
      </class> <!-- com.test.CountersTest -->
    </test> <!-- Test -->
  </suite> <!-- Suite -->
</testng-results>
