<?xml version="1.0" encoding="UTF-8"?>
<testng-results skipped="0" failed="0" ignored="0" total="1" passed="1">
  <reporter-output>
  </reporter-output>
  <suite name="Suite" duration-ms="14029" started-at="2017-07-28T05:27:56Z" finished-at="2017-07-28T05:28:10Z">
    <groups>
    </groups>
    <test name="Test" duration-ms="14029" started-at="2017-07-28T05:27:56Z" finished-at="2017-07-28T05:28:10Z">
      <class name="com.test.CountersTest">
        <test-method status="PASS" signature="setUp()[pri:0, instance:com.test.CountersTest@3cbbc1e0]" name="setUp" is-config="true" duration-ms="4933" started-at="2017-07-27T22:27:56Z" finished-at="2017-07-27T22:28:01Z">
          <reporter-output>
          </reporter-output>
        </test-method> <!-- setUp -->
        <test-method status="PASS" signature="testCounters()[pri:0, instance:com.test.CountersTest@3cbbc1e0]" name="testCounters" duration-ms="7839" started-at="2017-07-27T22:28:01Z" finished-at="2017-07-27T22:28:09Z">
          <reporter-output>
          </reporter-output>
        </test-method> <!-- testCounters -->
        <test-method status="PASS" signature="tearDown()[pri:0, instance:com.test.CountersTest@3cbbc1e0]" name="tearDown" is-config="true" duration-ms="1239" started-at="2017-07-27T22:28:09Z" finished-at="2017-07-27T22:28:10Z">
          <reporter-output>
          </reporter-output>
        </test-method> <!-- tearDown -->
      </class> <!-- com.test.CountersTest -->
    </test> <!-- Test -->
  </suite> <!-- Suite -->
</testng-results>
